11.06.2022 13:10:11	Load Resultpage from address (https://www.ebay-kleinanzeigen.de/).Searchterm was (tisch)CategoryValue was (0)strLocation was (65428 rüsselsheim)RadiusValue was (0)
11.06.2022 13:10:11	[EBY_CTR_EbayHtmlRequester] oXMLHTTP.status = (200) oXMLHTTP.statusText=(OK)
11.06.2022 13:10:11	[EBY_CTR_EbayHtmlRequester] Requested Resultpage HTMLDocument from address (https://www.ebay-kleinanzeigen.de/). Lentgh of Responsetext was (0) characters. Get-Request text was (https://www.ebay-kleinanzeigen.de/s-suchanfrage.html?keywords=tisch&categoryId=0&locationStr=65428 rüsselsheim&locationId=&radius=0&sortingField=SORTING_DATE&adType=&posterType=&pageNum=1&action=find&maxPrice=&minPrice=)
11.06.2022 13:10:11	Number of ResultPages found (1)
11.06.2022 13:10:11	Wrote (0) Ad's into Targetsheet (Data)
12.06.2022 16:54:36	Load Resultpage from address (https://www.ebay-kleinanzeigen.de/).Searchterm was (tisch)CategoryValue was (0)strLocation was (65428 rüsselsheim)RadiusValue was (0)
12.06.2022 16:54:36	[EBY_CTR_EbayHtmlRequester] oXMLHTTP.status = (200) oXMLHTTP.statusText=(OK)
12.06.2022 16:54:36	[EBY_CTR_EbayHtmlRequester] Requested Resultpage HTMLDocument from address (https://www.ebay-kleinanzeigen.de/). Lentgh of Responsetext was (68164) characters. Get-Request text was (https://www.ebay-kleinanzeigen.de/s-suchanfrage.html?keywords=tisch&categoryId=0&locationStr=65428 rüsselsheim&locationId=&radius=0&sortingField=SORTING_DATE&adType=&posterType=&pageNum=1&action=find&maxPrice=&minPrice=)
12.06.2022 16:54:47	Number of ResultPages found (27)
12.06.2022 16:54:48	Wrote (660) Ad's into Targetsheet (Data)
12.06.2022 16:55:59	Load Resultpage from address (https://www.ebay-kleinanzeigen.de/).Searchterm was (tisch)CategoryValue was (0)strLocation was (65428 rüsselsheim)RadiusValue was (0)
12.06.2022 16:56:00	[EBY_CTR_EbayHtmlRequester] oXMLHTTP.status = (200) oXMLHTTP.statusText=(OK)
12.06.2022 16:56:00	[EBY_CTR_EbayHtmlRequester] Requested Resultpage HTMLDocument from address (https://www.ebay-kleinanzeigen.de/). Lentgh of Responsetext was (68164) characters. Get-Request text was (https://www.ebay-kleinanzeigen.de/s-suchanfrage.html?keywords=tisch&categoryId=0&locationStr=65428 rüsselsheim&locationId=&radius=0&sortingField=SORTING_DATE&adType=&posterType=&pageNum=1&action=find&maxPrice=&minPrice=)
12.06.2022 16:56:12	Number of ResultPages found (14)
12.06.2022 16:56:13	Wrote (325) Ad's into Targetsheet (Data)
12.06.2022 16:57:59	Load Resultpage from address (https://www.ebay-kleinanzeigen.de/).Searchterm was (tisch)CategoryValue was (0)strLocation was (65428 rüsselsheim)RadiusValue was (0)
12.06.2022 16:57:59	[EBY_CTR_EbayHtmlRequester] oXMLHTTP.status = (200) oXMLHTTP.statusText=(OK)
12.06.2022 16:57:59	[EBY_CTR_EbayHtmlRequester] Requested Resultpage HTMLDocument from address (https://www.ebay-kleinanzeigen.de/). Lentgh of Responsetext was (0) characters. Get-Request text was (https://www.ebay-kleinanzeigen.de/s-suchanfrage.html?keywords=tisch&categoryId=0&locationStr=65428 rüsselsheim&locationId=&radius=0&sortingField=SORTING_DATE&adType=&posterType=&pageNum=1&action=find&maxPrice=&minPrice=)
12.06.2022 16:58:08	Number of ResultPages found (1)
12.06.2022 16:58:08	Wrote (0) Ad's into Targetsheet (Data)
12.06.2022 16:58:17	Load Resultpage from address (https://www.ebay-kleinanzeigen.de/).Searchterm was (tisch)CategoryValue was (0)strLocation was (65428 rüsselsheim)RadiusValue was (0)
12.06.2022 16:58:17	[EBY_CTR_EbayHtmlRequester] oXMLHTTP.status = (200) oXMLHTTP.statusText=(OK)
12.06.2022 16:58:17	[EBY_CTR_EbayHtmlRequester] Requested Resultpage HTMLDocument from address (https://www.ebay-kleinanzeigen.de/). Lentgh of Responsetext was (0) characters. Get-Request text was (https://www.ebay-kleinanzeigen.de/s-suchanfrage.html?keywords=tisch&categoryId=0&locationStr=65428 rüsselsheim&locationId=&radius=0&sortingField=SORTING_DATE&adType=&posterType=&pageNum=1&action=find&maxPrice=&minPrice=)
12.06.2022 16:58:17	Number of ResultPages found (1)
12.06.2022 16:58:17	Wrote (0) Ad's into Targetsheet (Data)
12.06.2022 16:58:32	Load Resultpage from address (https://www.ebay-kleinanzeigen.de/).Searchterm was (tisch)CategoryValue was (0)strLocation was (65428 rüsselsheim)RadiusValue was (0)
12.06.2022 16:58:33	[EBY_CTR_EbayHtmlRequester] oXMLHTTP.status = (200) oXMLHTTP.statusText=(OK)
12.06.2022 16:58:33	[EBY_CTR_EbayHtmlRequester] Requested Resultpage HTMLDocument from address (https://www.ebay-kleinanzeigen.de/). Lentgh of Responsetext was (0) characters. Get-Request text was (https://www.ebay-kleinanzeigen.de/s-suchanfrage.html?keywords=tisch&categoryId=0&locationStr=65428 rüsselsheim&locationId=&radius=0&sortingField=SORTING_DATE&adType=&posterType=&pageNum=1&action=find&maxPrice=&minPrice=)
12.06.2022 16:58:33	Number of ResultPages found (1)
12.06.2022 16:58:33	Wrote (0) Ad's into Targetsheet (Data)
12.06.2022 16:58:35	Load Resultpage from address (https://www.ebay-kleinanzeigen.de/).Searchterm was (tisch)CategoryValue was (0)strLocation was (65428 rüsselsheim)RadiusValue was (0)
12.06.2022 16:58:35	[EBY_CTR_EbayHtmlRequester] oXMLHTTP.status = (200) oXMLHTTP.statusText=(OK)
12.06.2022 16:58:35	[EBY_CTR_EbayHtmlRequester] Requested Resultpage HTMLDocument from address (https://www.ebay-kleinanzeigen.de/). Lentgh of Responsetext was (0) characters. Get-Request text was (https://www.ebay-kleinanzeigen.de/s-suchanfrage.html?keywords=tisch&categoryId=0&locationStr=65428 rüsselsheim&locationId=&radius=0&sortingField=SORTING_DATE&adType=&posterType=&pageNum=1&action=find&maxPrice=&minPrice=)
12.06.2022 16:58:35	Number of ResultPages found (1)
12.06.2022 16:58:35	Wrote (0) Ad's into Targetsheet (Data)
12.06.2022 16:59:40	Load Resultpage from address (https://www.ebay-kleinanzeigen.de/).Searchterm was (tisch)CategoryValue was (0)strLocation was (65428 rüsselsheim)RadiusValue was (0)
12.06.2022 16:59:41	[EBY_CTR_EbayHtmlRequester] oXMLHTTP.status = (200) oXMLHTTP.statusText=(OK)
12.06.2022 16:59:41	[EBY_CTR_EbayHtmlRequester] Requested Resultpage HTMLDocument from address (https://www.ebay-kleinanzeigen.de/). Lentgh of Responsetext was (68164) characters. Get-Request text was (https://www.ebay-kleinanzeigen.de/s-suchanfrage.html?keywords=tisch&categoryId=0&locationStr=65428 rüsselsheim&locationId=&radius=0&sortingField=SORTING_DATE&adType=&posterType=&pageNum=1&action=find&maxPrice=&minPrice=)
12.06.2022 16:59:54	Load Resultpage from address (https://www.ebay-kleinanzeigen.de/).Searchterm was (tisch)CategoryValue was (0)strLocation was (65428 rüsselsheim)RadiusValue was (0)
12.06.2022 16:59:54	[EBY_CTR_EbayHtmlRequester] oXMLHTTP.status = (200) oXMLHTTP.statusText=(OK)
12.06.2022 16:59:54	[EBY_CTR_EbayHtmlRequester] Requested Resultpage HTMLDocument from address (https://www.ebay-kleinanzeigen.de/). Lentgh of Responsetext was (68164) characters. Get-Request text was (https://www.ebay-kleinanzeigen.de/s-suchanfrage.html?keywords=tisch&categoryId=0&locationStr=65428 rüsselsheim&locationId=&radius=0&sortingField=SORTING_DATE&adType=&posterType=&pageNum=1&action=find&maxPrice=&minPrice=)
12.06.2022 17:00:54	Load Resultpage from address (https://www.ebay-kleinanzeigen.de/).Searchterm was (tisch)CategoryValue was (0)strLocation was (65428 rüsselsheim)RadiusValue was (0)
12.06.2022 17:00:55	[EBY_CTR_EbayHtmlRequester] oXMLHTTP.status = (200) oXMLHTTP.statusText=(OK)
12.06.2022 17:00:55	[EBY_CTR_EbayHtmlRequester] Requested Resultpage HTMLDocument from address (https://www.ebay-kleinanzeigen.de/). Lentgh of Responsetext was (68164) characters. Get-Request text was (https://www.ebay-kleinanzeigen.de/s-suchanfrage.html?keywords=tisch&categoryId=0&locationStr=65428 rüsselsheim&locationId=&radius=0&sortingField=SORTING_DATE&adType=&posterType=&pageNum=1&action=find&maxPrice=&minPrice=)
12.06.2022 17:05:00	Load Resultpage from address (https://www.ebay-kleinanzeigen.de/).Searchterm was (tisch)CategoryValue was (0)strLocation was (65428 rüsselsheim)RadiusValue was (0)
12.06.2022 17:05:00	[EBY_CTR_EbayHtmlRequester] oXMLHTTP.status = (200) oXMLHTTP.statusText=(OK)
12.06.2022 17:05:00	[EBY_CTR_EbayHtmlRequester] Requested Resultpage HTMLDocument from address (https://www.ebay-kleinanzeigen.de/). Lentgh of Responsetext was (68164) characters. Get-Request text was (https://www.ebay-kleinanzeigen.de/s-suchanfrage.html?keywords=tisch&categoryId=0&locationStr=65428 rüsselsheim&locationId=&radius=0&sortingField=SORTING_DATE&adType=&posterType=&pageNum=1&action=find&maxPrice=&minPrice=)
12.06.2022 17:19:23	Load Resultpage from address (https://www.ebay-kleinanzeigen.de/).Searchterm was (tisch)CategoryValue was (0)strLocation was (65428 rüsselsheim)RadiusValue was (0)
12.06.2022 17:19:24	[EBY_CTR_EbayHtmlRequester] oXMLHTTP.status = (200) oXMLHTTP.statusText=(OK)
12.06.2022 17:19:24	[EBY_CTR_EbayHtmlRequester] Requested Resultpage HTMLDocument from address (https://www.ebay-kleinanzeigen.de/). Lentgh of Responsetext was (68164) characters. Get-Request text was (https://www.ebay-kleinanzeigen.de/s-suchanfrage.html?keywords=tisch&categoryId=0&locationStr=65428 rüsselsheim&locationId=&radius=0&sortingField=SORTING_DATE&adType=&posterType=&pageNum=1&action=find&maxPrice=&minPrice=)
12.06.2022 17:19:54	Load Resultpage from address (https://www.ebay-kleinanzeigen.de/).Searchterm was (tisch)CategoryValue was (0)strLocation was (65428 rüsselsheim)RadiusValue was (0)
12.06.2022 17:19:54	[EBY_CTR_EbayHtmlRequester] oXMLHTTP.status = (200) oXMLHTTP.statusText=(OK)
12.06.2022 17:19:54	[EBY_CTR_EbayHtmlRequester] Requested Resultpage HTMLDocument from address (https://www.ebay-kleinanzeigen.de/). Lentgh of Responsetext was (68164) characters. Get-Request text was (https://www.ebay-kleinanzeigen.de/s-suchanfrage.html?keywords=tisch&categoryId=0&locationStr=65428 rüsselsheim&locationId=&radius=0&sortingField=SORTING_DATE&adType=&posterType=&pageNum=1&action=find&maxPrice=&minPrice=)
12.06.2022 17:20:44	Load Resultpage from address (https://www.ebay-kleinanzeigen.de/).Searchterm was (tisch)CategoryValue was (0)strLocation was (65428 rüsselsheim)RadiusValue was (0)
12.06.2022 17:20:44	[EBY_CTR_EbayHtmlRequester] oXMLHTTP.status = (200) oXMLHTTP.statusText=(OK)
12.06.2022 17:20:44	[EBY_CTR_EbayHtmlRequester] Requested Resultpage HTMLDocument from address (https://www.ebay-kleinanzeigen.de/). Lentgh of Responsetext was (68164) characters. Get-Request text was (https://www.ebay-kleinanzeigen.de/s-suchanfrage.html?keywords=tisch&categoryId=0&locationStr=65428 rüsselsheim&locationId=&radius=0&sortingField=SORTING_DATE&adType=&posterType=&pageNum=1&action=find&maxPrice=&minPrice=)
12.06.2022 17:21:21	(25) Ad's are parsed from address (https://www.ebay-kleinanzeigen.de/)
12.06.2022 17:21:23	[EBY_UTL_HttpRequester] Requested HTMLDocument from address (https://www.ebay-kleinanzeigen.de/s-ruesselsheim/seite:2/tisch/k0l4815). Length of Responsetext was (67976) Characters
12.06.2022 17:21:23	(25) Ad's are parsed from address (https://www.ebay-kleinanzeigen.de/)
12.06.2022 17:21:24	[EBY_UTL_HttpRequester] Requested HTMLDocument from address (https://www.ebay-kleinanzeigen.de/s-ruesselsheim/seite:3/tisch/k0l4815). Length of Responsetext was (68861) Characters
12.06.2022 17:21:24	(25) Ad's are parsed from address (https://www.ebay-kleinanzeigen.de/)
12.06.2022 17:21:24	[EBY_UTL_HttpRequester] Requested HTMLDocument from address (https://www.ebay-kleinanzeigen.de/s-ruesselsheim/seite:4/tisch/k0l4815). Length of Responsetext was (69435) Characters
12.06.2022 17:21:24	(25) Ad's are parsed from address (https://www.ebay-kleinanzeigen.de/)
12.06.2022 17:21:24	[EBY_UTL_HttpRequester] Requested HTMLDocument from address (https://www.ebay-kleinanzeigen.de/s-ruesselsheim/seite:5/tisch/k0l4815). Length of Responsetext was (69120) Characters
12.06.2022 17:21:24	(25) Ad's are parsed from address (https://www.ebay-kleinanzeigen.de/)
12.06.2022 17:21:25	[EBY_UTL_HttpRequester] Requested HTMLDocument from address (https://www.ebay-kleinanzeigen.de/s-ruesselsheim/seite:6/tisch/k0l4815). Length of Responsetext was (69964) Characters
12.06.2022 17:21:25	(25) Ad's are parsed from address (https://www.ebay-kleinanzeigen.de/)
12.06.2022 17:21:25	[EBY_UTL_HttpRequester] Requested HTMLDocument from address (https://www.ebay-kleinanzeigen.de/s-ruesselsheim/seite:7/tisch/k0l4815). Length of Responsetext was (70640) Characters
12.06.2022 17:21:25	(25) Ad's are parsed from address (https://www.ebay-kleinanzeigen.de/)
12.06.2022 17:21:25	[EBY_UTL_HttpRequester] Requested HTMLDocument from address (https://www.ebay-kleinanzeigen.de/s-ruesselsheim/seite:8/tisch/k0l4815). Length of Responsetext was (70032) Characters
12.06.2022 17:21:25	(25) Ad's are parsed from address (https://www.ebay-kleinanzeigen.de/)
12.06.2022 17:21:26	[EBY_UTL_HttpRequester] Requested HTMLDocument from address (https://www.ebay-kleinanzeigen.de/s-ruesselsheim/seite:9/tisch/k0l4815). Length of Responsetext was (70175) Characters
12.06.2022 17:21:26	(25) Ad's are parsed from address (https://www.ebay-kleinanzeigen.de/)
12.06.2022 17:21:26	[EBY_UTL_HttpRequester] Requested HTMLDocument from address (https://www.ebay-kleinanzeigen.de/s-ruesselsheim/seite:10/tisch/k0l4815). Length of Responsetext was (69847) Characters
12.06.2022 17:21:26	(25) Ad's are parsed from address (https://www.ebay-kleinanzeigen.de/)
12.06.2022 17:21:26	[EBY_UTL_HttpRequester] Requested HTMLDocument from address (https://www.ebay-kleinanzeigen.de/s-ruesselsheim/seite:11/tisch/k0l4815). Length of Responsetext was (69128) Characters
12.06.2022 17:21:26	(25) Ad's are parsed from address (https://www.ebay-kleinanzeigen.de/)
12.06.2022 17:21:27	[EBY_UTL_HttpRequester] Requested HTMLDocument from address (https://www.ebay-kleinanzeigen.de/s-ruesselsheim/seite:12/tisch/k0l4815). Length of Responsetext was (68452) Characters
12.06.2022 17:21:27	(25) Ad's are parsed from address (https://www.ebay-kleinanzeigen.de/)
12.06.2022 17:21:27	[EBY_UTL_HttpRequester] Requested HTMLDocument from address (https://www.ebay-kleinanzeigen.de/s-ruesselsheim/seite:13/tisch/k0l4815). Length of Responsetext was (68480) Characters
12.06.2022 17:21:27	(25) Ad's are parsed from address (https://www.ebay-kleinanzeigen.de/)
12.06.2022 17:21:28	[EBY_UTL_HttpRequester] Requested HTMLDocument from address (https://www.ebay-kleinanzeigen.de/s-ruesselsheim/seite:14/tisch/k0l4815). Length of Responsetext was (69191) Characters
12.06.2022 17:21:28	(25) Ad's are parsed from address (https://www.ebay-kleinanzeigen.de/)
12.06.2022 17:21:28	[EBY_UTL_HttpRequester] Requested HTMLDocument from address (https://www.ebay-kleinanzeigen.de/s-ruesselsheim/seite:15/tisch/k0l4815). Length of Responsetext was (69718) Characters
12.06.2022 17:21:28	(25) Ad's are parsed from address (https://www.ebay-kleinanzeigen.de/)
12.06.2022 17:21:28	[EBY_UTL_HttpRequester] Requested HTMLDocument from address (https://www.ebay-kleinanzeigen.de/s-ruesselsheim/seite:16/tisch/k0l4815). Length of Responsetext was (68164) Characters
12.06.2022 17:21:28	(25) Ad's are parsed from address (https://www.ebay-kleinanzeigen.de/)
12.06.2022 17:21:29	[EBY_UTL_HttpRequester] Requested HTMLDocument from address (https://www.ebay-kleinanzeigen.de/s-ruesselsheim/seite:17/tisch/k0l4815). Length of Responsetext was (68387) Characters
12.06.2022 17:21:29	(25) Ad's are parsed from address (https://www.ebay-kleinanzeigen.de/)
12.06.2022 17:21:29	[EBY_UTL_HttpRequester] Requested HTMLDocument from address (https://www.ebay-kleinanzeigen.de/s-ruesselsheim/seite:18/tisch/k0l4815). Length of Responsetext was (69822) Characters
12.06.2022 17:21:29	(25) Ad's are parsed from address (https://www.ebay-kleinanzeigen.de/)
12.06.2022 17:21:30	[EBY_UTL_HttpRequester] Requested HTMLDocument from address (https://www.ebay-kleinanzeigen.de/s-ruesselsheim/seite:19/tisch/k0l4815). Length of Responsetext was (70786) Characters
12.06.2022 17:21:30	(25) Ad's are parsed from address (https://www.ebay-kleinanzeigen.de/)
12.06.2022 17:21:30	[EBY_UTL_HttpRequester] Requested HTMLDocument from address (https://www.ebay-kleinanzeigen.de/s-ruesselsheim/seite:20/tisch/k0l4815). Length of Responsetext was (71661) Characters
12.06.2022 17:21:30	(25) Ad's are parsed from address (https://www.ebay-kleinanzeigen.de/)
12.06.2022 17:21:30	[EBY_UTL_HttpRequester] Requested HTMLDocument from address (https://www.ebay-kleinanzeigen.de/s-ruesselsheim/seite:21/tisch/k0l4815). Length of Responsetext was (70173) Characters
12.06.2022 17:21:30	(25) Ad's are parsed from address (https://www.ebay-kleinanzeigen.de/)
12.06.2022 17:21:30	[EBY_UTL_HttpRequester] Requested HTMLDocument from address (https://www.ebay-kleinanzeigen.de/s-ruesselsheim/seite:22/tisch/k0l4815). Length of Responsetext was (70262) Characters
12.06.2022 17:21:30	(25) Ad's are parsed from address (https://www.ebay-kleinanzeigen.de/)
12.06.2022 17:21:31	[EBY_UTL_HttpRequester] Requested HTMLDocument from address (https://www.ebay-kleinanzeigen.de/s-ruesselsheim/seite:23/tisch/k0l4815). Length of Responsetext was (69317) Characters
12.06.2022 17:21:31	(25) Ad's are parsed from address (https://www.ebay-kleinanzeigen.de/)
12.06.2022 17:21:31	[EBY_UTL_HttpRequester] Requested HTMLDocument from address (https://www.ebay-kleinanzeigen.de/s-ruesselsheim/seite:24/tisch/k0l4815). Length of Responsetext was (70521) Characters
12.06.2022 17:21:31	(25) Ad's are parsed from address (https://www.ebay-kleinanzeigen.de/)
12.06.2022 17:21:31	[EBY_UTL_HttpRequester] Requested HTMLDocument from address (https://www.ebay-kleinanzeigen.de/s-ruesselsheim/seite:25/tisch/k0l4815). Length of Responsetext was (70662) Characters
12.06.2022 17:21:31	(25) Ad's are parsed from address (https://www.ebay-kleinanzeigen.de/)
12.06.2022 17:21:32	[EBY_UTL_HttpRequester] Requested HTMLDocument from address (https://www.ebay-kleinanzeigen.de/s-ruesselsheim/seite:26/tisch/k0l4815). Length of Responsetext was (68932) Characters
12.06.2022 17:21:32	(25) Ad's are parsed from address (https://www.ebay-kleinanzeigen.de/)
12.06.2022 17:21:32	[EBY_UTL_HttpRequester] Requested HTMLDocument from address (https://www.ebay-kleinanzeigen.de/s-ruesselsheim/seite:27/tisch/k0l4815). Length of Responsetext was (45724) Characters
12.06.2022 17:21:32	(10) Ad's are parsed from address (https://www.ebay-kleinanzeigen.de/)
12.06.2022 17:21:32	Number of ResultPages found (27)
12.06.2022 17:21:33	Wrote (660) Ad's into Targetsheet (Data)
